app/build/intermediates/manifest_merge_blame_file/debug/manifest-merger-blame-debug-report.txt
1<?xml version="1.0" encoding="utf-8"?>
2<manifest xmlns:android="http://schemas.android.com/apk/res/android"
3    package="com.example.nogor"
4    android:versionCode="1"
5    android:versionName="2.1" >
6
7    <uses-sdk
8        android:minSdkVersion="19"
8-->src\main\AndroidManifest.xml
9        android:targetSdkVersion="30" />
9-->src\main\AndroidManifest.xml
10
11    <uses-permission android:name="android.permission.INTERNET" />
11-->src\main\AndroidManifest.xml:6:5-67
11-->src\main\AndroidManifest.xml:6:22-64
12    <uses-permission android:name="android.permission.READ_EXTERNAL_STORAGE" />
12-->src\main\AndroidManifest.xml:7:5-80
12-->src\main\AndroidManifest.xml:7:22-77
13
14    <supports-screens
14-->src\main\AndroidManifest.xml:9:5-13:40
15        android:largeScreens="true"
15-->src\main\AndroidManifest.xml:10:9-36
16        android:normalScreens="true"
16-->src\main\AndroidManifest.xml:11:9-37
17        android:smallScreens="true"
17-->src\main\AndroidManifest.xml:12:9-36
18        android:xlargeScreens="true" />
18-->src\main\AndroidManifest.xml:13:9-37
19
20    <uses-permission android:name="android.permission.ACCESS_NETWORK_STATE" />
20-->[com.firebaseui:firebase-ui-auth:6.2.1] AndroidManifest.xml:12:5-79
20-->[com.firebaseui:firebase-ui-auth:6.2.1] AndroidManifest.xml:12:22-76
21    <uses-permission android:name="android.permission.WAKE_LOCK" /> <!-- Required by older versions of Google Play services to create IID tokens -->
21-->[com.google.firebase:firebase-iid:17.1.2] AndroidManifest.xml:24:5-68
21-->[com.google.firebase:firebase-iid:17.1.2] AndroidManifest.xml:24:22-65
22    <uses-permission android:name="com.google.android.c2dm.permission.RECEIVE" />
22-->[com.google.firebase:firebase-iid:17.1.2] AndroidManifest.xml:26:5-82
22-->[com.google.firebase:firebase-iid:17.1.2] AndroidManifest.xml:26:22-79
23    <uses-permission android:name="com.google.android.finsky.permission.BIND_GET_INSTALL_REFERRER_SERVICE" />
23-->[com.google.android.gms:play-services-measurement:17.5.0] AndroidManifest.xml:26:5-110
23-->[com.google.android.gms:play-services-measurement:17.5.0] AndroidManifest.xml:26:22-107
24
25    <application
25-->src\main\AndroidManifest.xml:15:5-110:19
26        android:name="androidx.multidex.MultiDexApplication"
27        android:allowBackup="true"
27-->src\main\AndroidManifest.xml:16:9-35
28        android:appComponentFactory="androidx.core.app.CoreComponentFactory"
28-->[androidx.core:core:1.3.0] AndroidManifest.xml:24:18-86
29        android:debuggable="true"
30        android:icon="@drawable/ic_home"
30-->src\main\AndroidManifest.xml:17:9-41
31        android:label="@string/app_name"
31-->src\main\AndroidManifest.xml:18:9-41
32        android:roundIcon="@drawable/ic_home"
32-->src\main\AndroidManifest.xml:19:9-46
33        android:supportsRtl="true"
33-->src\main\AndroidManifest.xml:20:9-35
34        android:theme="@style/AppTheme" >
34-->src\main\AndroidManifest.xml:22:9-40
35        <activity android:name="com.example.nogor.show_ImageActivity" />
35-->src\main\AndroidManifest.xml:24:9-65
35-->src\main\AndroidManifest.xml:24:19-53
36        <activity
36-->src\main\AndroidManifest.xml:25:9-27:69
37            android:name="com.example.nogor.search_resultsActivity"
37-->src\main\AndroidManifest.xml:26:13-51
38            android:theme="@style/Theme.Design.Light.NoActionBar" />
38-->src\main\AndroidManifest.xml:27:13-66
39        <activity
39-->src\main\AndroidManifest.xml:28:9-29:76
40            android:name="com.example.nogor.searchActivity"
40-->src\main\AndroidManifest.xml:28:19-49
41            android:theme="@style/Theme.AppCompat.DayNight.DarkActionBar" />
41-->src\main\AndroidManifest.xml:29:13-74
42        <activity
42-->src\main\AndroidManifest.xml:30:9-32:15
43            android:name="com.example.nogor.check_all_messages"
43-->src\main\AndroidManifest.xml:30:19-53
44            android:theme="@style/Theme.AppCompat.DayNight.DarkActionBar" />
44-->src\main\AndroidManifest.xml:31:13-74
45        <activity android:name="com.example.nogor.message_Activity" />
45-->src\main\AndroidManifest.xml:33:9-34:15
45-->src\main\AndroidManifest.xml:33:19-51
46        <activity
46-->src\main\AndroidManifest.xml:35:9-37:69
47            android:name="com.example.nogor.edit_my_ad_Activity"
47-->src\main\AndroidManifest.xml:36:13-48
48            android:theme="@style/Theme.Design.Light.NoActionBar" />
48-->src\main\AndroidManifest.xml:37:13-66
49        <activity
49-->src\main\AndroidManifest.xml:38:9-39:76
50            android:name="com.example.nogor.all_ads_Activity"
50-->src\main\AndroidManifest.xml:38:19-51
51            android:theme="@style/Theme.AppCompat.DayNight.DarkActionBar" />
51-->src\main\AndroidManifest.xml:39:13-74
52        <activity
52-->src\main\AndroidManifest.xml:40:9-42:69
53            android:name="com.example.nogor.forgotten_change_passwordActivity"
53-->src\main\AndroidManifest.xml:41:13-62
54            android:theme="@style/Theme.Design.Light.NoActionBar" />
54-->src\main\AndroidManifest.xml:42:13-66
55        <activity
55-->src\main\AndroidManifest.xml:43:9-45:69
56            android:name="com.example.nogor.forgotten_verifyActivity"
56-->src\main\AndroidManifest.xml:44:13-53
57            android:theme="@style/Theme.Design.Light.NoActionBar" />
57-->src\main\AndroidManifest.xml:45:13-66
58        <activity
58-->src\main\AndroidManifest.xml:46:9-48:69
59            android:name="com.example.nogor.forgotten_passwordActivity"
59-->src\main\AndroidManifest.xml:47:13-55
60            android:theme="@style/Theme.Design.Light.NoActionBar" />
60-->src\main\AndroidManifest.xml:48:13-66
61        <activity
61-->src\main\AndroidManifest.xml:49:9-51:69
62            android:name="com.example.nogor.my_ads_Activity"
62-->src\main\AndroidManifest.xml:50:13-44
63            android:theme="@style/Theme.Design.Light.NoActionBar" />
63-->src\main\AndroidManifest.xml:51:13-66
64        <activity
64-->src\main\AndroidManifest.xml:52:9-54:69
65            android:name="com.example.nogor.post_an_add_2Activity"
65-->src\main\AndroidManifest.xml:53:13-50
66            android:theme="@style/Theme.Design.Light.NoActionBar" />
66-->src\main\AndroidManifest.xml:54:13-66
67        <activity
67-->src\main\AndroidManifest.xml:55:9-57:69
68            android:name="com.example.nogor.post_an_addActivity"
68-->src\main\AndroidManifest.xml:56:13-48
69            android:theme="@style/Theme.Design.Light.NoActionBar" />
69-->src\main\AndroidManifest.xml:57:13-66
70        <activity
70-->src\main\AndroidManifest.xml:58:9-60:69
71            android:name="com.example.nogor.look_for_officeActivity"
71-->src\main\AndroidManifest.xml:59:13-52
72            android:theme="@style/Theme.Design.Light.NoActionBar" />
72-->src\main\AndroidManifest.xml:60:13-66
73        <activity
73-->src\main\AndroidManifest.xml:61:9-63:69
74            android:name="com.example.nogor.look_for_houseActivity"
74-->src\main\AndroidManifest.xml:62:13-51
75            android:theme="@style/Theme.Design.Light.NoActionBar" />
75-->src\main\AndroidManifest.xml:63:13-66
76        <activity
76-->src\main\AndroidManifest.xml:64:9-66:69
77            android:name="com.example.nogor.updateprofileActivity"
77-->src\main\AndroidManifest.xml:65:13-50
78            android:theme="@style/Theme.Design.Light.NoActionBar" />
78-->src\main\AndroidManifest.xml:66:13-66
79        <activity
79-->src\main\AndroidManifest.xml:67:9-69:69
80            android:name="com.example.nogor.aboutusActivity"
80-->src\main\AndroidManifest.xml:68:13-44
81            android:theme="@style/Theme.Design.Light.NoActionBar" />
81-->src\main\AndroidManifest.xml:69:13-66
82        <activity
82-->src\main\AndroidManifest.xml:70:9-72:69
83            android:name="com.example.nogor.registerActivity"
83-->src\main\AndroidManifest.xml:71:13-45
84            android:theme="@style/Theme.Design.Light.NoActionBar" />
84-->src\main\AndroidManifest.xml:72:13-66
85        <activity
85-->src\main\AndroidManifest.xml:73:9-75:69
86            android:name="com.example.nogor.verifyActivity"
86-->src\main\AndroidManifest.xml:74:13-43
87            android:theme="@style/Theme.Design.Light.NoActionBar" />
87-->src\main\AndroidManifest.xml:75:13-66
88        <activity
88-->src\main\AndroidManifest.xml:76:9-77:76
89            android:name="com.example.nogor.profileActivity"
89-->src\main\AndroidManifest.xml:76:19-50
90            android:theme="@style/Theme.AppCompat.DayNight.DarkActionBar" />
90-->src\main\AndroidManifest.xml:77:13-74
91        <activity
91-->src\main\AndroidManifest.xml:78:9-80:69
92            android:name="com.example.nogor.loginActivity"
92-->src\main\AndroidManifest.xml:79:13-42
93            android:theme="@style/Theme.Design.Light.NoActionBar" />
93-->src\main\AndroidManifest.xml:80:13-66
94        <activity
94-->src\main\AndroidManifest.xml:81:9-83:69
95            android:name="com.example.nogor.signActivity"
95-->src\main\AndroidManifest.xml:82:13-41
96            android:theme="@style/Theme.Design.Light.NoActionBar" />
96-->src\main\AndroidManifest.xml:83:13-66
97        <activity
97-->src\main\AndroidManifest.xml:84:9-92:20
98            android:name="com.example.nogor.MainActivity"
98-->src\main\AndroidManifest.xml:85:13-41
99            android:theme="@style/Theme.Design.Light.NoActionBar" >
99-->src\main\AndroidManifest.xml:86:13-66
100            <intent-filter>
100-->src\main\AndroidManifest.xml:87:13-91:29
101                <action android:name="android.intent.action.MAIN" />
101-->src\main\AndroidManifest.xml:88:17-69
101-->src\main\AndroidManifest.xml:88:25-66
102
103                <category android:name="android.intent.category.LAUNCHER" />
103-->src\main\AndroidManifest.xml:90:17-77
103-->src\main\AndroidManifest.xml:90:27-74
104            </intent-filter>
105        </activity>
106
107        <!--
108     Set custom default icon. This is used when no icon is set for incoming notification messages.
109     See README(https://goo.gl/l4GJaQ) for more.
110        -->
111        <meta-data
111-->src\main\AndroidManifest.xml:96:9-98:61
112            android:name="com.google.firebase.messaging.default_notification_icon"
112-->src\main\AndroidManifest.xml:97:13-83
113            android:resource="@drawable/ic_action_search" />
113-->src\main\AndroidManifest.xml:98:13-58
114        <!--
115             Set color used with incoming notification messages. This is used when no color is set for the incoming
116             notification message. See README(https://goo.gl/6BKBk7) for more.
117        -->
118        <meta-data
118-->src\main\AndroidManifest.xml:101:9-103:53
119            android:name="com.google.firebase.messaging.default_notification_color"
119-->src\main\AndroidManifest.xml:102:13-84
120            android:resource="@color/colorAccent" />
120-->src\main\AndroidManifest.xml:103:13-50
121        <meta-data
121-->src\main\AndroidManifest.xml:105:9-107:57
122            android:name="preloaded_fonts"
122-->src\main\AndroidManifest.xml:106:13-43
123            android:resource="@array/preloaded_fonts" />
123-->src\main\AndroidManifest.xml:107:13-54
124
125        <!--
126             FirebaseMessagingService performs security checks at runtime,
127             but set to not exported to explicitly avoid allowing another app to call it.
128        -->
129        <service
129-->[com.google.firebase:firebase-messaging:17.6.0] AndroidManifest.xml:28:9-34:19
130            android:name="com.google.firebase.messaging.FirebaseMessagingService"
130-->[com.google.firebase:firebase-messaging:17.6.0] AndroidManifest.xml:29:13-82
131            android:exported="false" >
131-->[com.google.firebase:firebase-messaging:17.6.0] AndroidManifest.xml:30:13-37
132            <intent-filter android:priority="-500" >
132-->[com.google.firebase:firebase-messaging:17.6.0] AndroidManifest.xml:31:13-33:29
132-->[com.google.firebase:firebase-messaging:17.6.0] AndroidManifest.xml:31:28-51
133                <action android:name="com.google.firebase.MESSAGING_EVENT" />
133-->[com.google.firebase:firebase-messaging:17.6.0] AndroidManifest.xml:32:17-78
133-->[com.google.firebase:firebase-messaging:17.6.0] AndroidManifest.xml:32:25-75
134            </intent-filter>
135        </service>
136
137        <meta-data
137-->[com.firebaseui:firebase-ui-auth:6.2.1] AndroidManifest.xml:16:9-18:69
138            android:name="com.google.android.gms.version"
138-->[com.firebaseui:firebase-ui-auth:6.2.1] AndroidManifest.xml:17:13-58
139            android:value="@integer/google_play_services_version" />
139-->[com.firebaseui:firebase-ui-auth:6.2.1] AndroidManifest.xml:18:13-66
140        <meta-data
140-->[com.firebaseui:firebase-ui-auth:6.2.1] AndroidManifest.xml:19:9-21:63
141            android:name="com.facebook.sdk.ApplicationId"
141-->[com.firebaseui:firebase-ui-auth:6.2.1] AndroidManifest.xml:20:13-58
142            android:value="@string/facebook_application_id" />
142-->[com.firebaseui:firebase-ui-auth:6.2.1] AndroidManifest.xml:21:13-60
143
144        <activity
144-->[com.firebaseui:firebase-ui-auth:6.2.1] AndroidManifest.xml:23:9-27:61
145            android:name="com.firebase.ui.auth.KickoffActivity"
145-->[com.firebaseui:firebase-ui-auth:6.2.1] AndroidManifest.xml:24:13-64
146            android:exported="false"
146-->[com.firebaseui:firebase-ui-auth:6.2.1] AndroidManifest.xml:25:13-37
147            android:label=""
147-->[com.firebaseui:firebase-ui-auth:6.2.1] AndroidManifest.xml:26:13-29
148            android:theme="@style/FirebaseUI.Transparent" />
148-->[com.firebaseui:firebase-ui-auth:6.2.1] AndroidManifest.xml:27:13-58
149        <activity
149-->[com.firebaseui:firebase-ui-auth:6.2.1] AndroidManifest.xml:28:9-32:61
150            android:name="com.firebase.ui.auth.ui.idp.SingleSignInActivity"
150-->[com.firebaseui:firebase-ui-auth:6.2.1] AndroidManifest.xml:29:13-76
151            android:exported="false"
151-->[com.firebaseui:firebase-ui-auth:6.2.1] AndroidManifest.xml:30:13-37
152            android:label=""
152-->[com.firebaseui:firebase-ui-auth:6.2.1] AndroidManifest.xml:31:13-29
153            android:theme="@style/FirebaseUI.Transparent" />
153-->[com.firebaseui:firebase-ui-auth:6.2.1] AndroidManifest.xml:32:13-58
154        <activity
154-->[com.firebaseui:firebase-ui-auth:6.2.1] AndroidManifest.xml:33:9-37:61
155            android:name="com.firebase.ui.auth.ui.credentials.CredentialSaveActivity"
155-->[com.firebaseui:firebase-ui-auth:6.2.1] AndroidManifest.xml:34:13-86
156            android:exported="false"
156-->[com.firebaseui:firebase-ui-auth:6.2.1] AndroidManifest.xml:35:13-37
157            android:label=""
157-->[com.firebaseui:firebase-ui-auth:6.2.1] AndroidManifest.xml:36:13-29
158            android:theme="@style/FirebaseUI.Transparent" />
158-->[com.firebaseui:firebase-ui-auth:6.2.1] AndroidManifest.xml:37:13-58
159        <activity
159-->[com.firebaseui:firebase-ui-auth:6.2.1] AndroidManifest.xml:38:9-42:58
160            android:name="com.firebase.ui.auth.ui.email.RecoverPasswordActivity"
160-->[com.firebaseui:firebase-ui-auth:6.2.1] AndroidManifest.xml:39:13-81
161            android:exported="false"
161-->[com.firebaseui:firebase-ui-auth:6.2.1] AndroidManifest.xml:40:13-37
162            android:label="@string/fui_title_recover_password_activity"
162-->[com.firebaseui:firebase-ui-auth:6.2.1] AndroidManifest.xml:41:13-72
163            android:windowSoftInputMode="adjustResize" />
163-->[com.firebaseui:firebase-ui-auth:6.2.1] AndroidManifest.xml:42:13-55
164        <activity
164-->[com.firebaseui:firebase-ui-auth:6.2.1] AndroidManifest.xml:43:9-47:58
165            android:name="com.firebase.ui.auth.ui.email.EmailActivity"
165-->[com.firebaseui:firebase-ui-auth:6.2.1] AndroidManifest.xml:44:13-71
166            android:exported="false"
166-->[com.firebaseui:firebase-ui-auth:6.2.1] AndroidManifest.xml:45:13-37
167            android:label="@string/fui_sign_in_default"
167-->[com.firebaseui:firebase-ui-auth:6.2.1] AndroidManifest.xml:46:13-56
168            android:windowSoftInputMode="adjustResize" />
168-->[com.firebaseui:firebase-ui-auth:6.2.1] AndroidManifest.xml:47:13-55
169        <activity
169-->[com.firebaseui:firebase-ui-auth:6.2.1] AndroidManifest.xml:48:9-52:77
170            android:name="com.firebase.ui.auth.ui.phone.PhoneActivity"
170-->[com.firebaseui:firebase-ui-auth:6.2.1] AndroidManifest.xml:49:13-71
171            android:exported="false"
171-->[com.firebaseui:firebase-ui-auth:6.2.1] AndroidManifest.xml:50:13-37
172            android:label="@string/fui_sign_in_with_phone_number"
172-->[com.firebaseui:firebase-ui-auth:6.2.1] AndroidManifest.xml:51:13-66
173            android:windowSoftInputMode="adjustResize|stateAlwaysVisible" />
173-->[com.firebaseui:firebase-ui-auth:6.2.1] AndroidManifest.xml:52:13-74
174        <activity
174-->[com.firebaseui:firebase-ui-auth:6.2.1] AndroidManifest.xml:53:9-57:58
175            android:name="com.firebase.ui.auth.ui.idp.WelcomeBackIdpPrompt"
175-->[com.firebaseui:firebase-ui-auth:6.2.1] AndroidManifest.xml:54:13-76
176            android:exported="false"
176-->[com.firebaseui:firebase-ui-auth:6.2.1] AndroidManifest.xml:55:13-37
177            android:label="@string/fui_title_welcome_back_idp_prompt"
177-->[com.firebaseui:firebase-ui-auth:6.2.1] AndroidManifest.xml:56:13-70
178            android:windowSoftInputMode="adjustResize" />
178-->[com.firebaseui:firebase-ui-auth:6.2.1] AndroidManifest.xml:57:13-55
179        <activity
179-->[com.firebaseui:firebase-ui-auth:6.2.1] AndroidManifest.xml:58:9-62:58
180            android:name="com.firebase.ui.auth.ui.email.WelcomeBackPasswordPrompt"
180-->[com.firebaseui:firebase-ui-auth:6.2.1] AndroidManifest.xml:59:13-83
181            android:exported="false"
181-->[com.firebaseui:firebase-ui-auth:6.2.1] AndroidManifest.xml:60:13-37
182            android:label="@string/fui_title_welcome_back_password_prompt"
182-->[com.firebaseui:firebase-ui-auth:6.2.1] AndroidManifest.xml:61:13-75
183            android:windowSoftInputMode="adjustResize" />
183-->[com.firebaseui:firebase-ui-auth:6.2.1] AndroidManifest.xml:62:13-55
184        <activity
184-->[com.firebaseui:firebase-ui-auth:6.2.1] AndroidManifest.xml:63:9-67:58
185            android:name="com.firebase.ui.auth.ui.email.WelcomeBackEmailLinkPrompt"
185-->[com.firebaseui:firebase-ui-auth:6.2.1] AndroidManifest.xml:64:13-84
186            android:exported="false"
186-->[com.firebaseui:firebase-ui-auth:6.2.1] AndroidManifest.xml:65:13-37
187            android:label="@string/fui_title_welcome_back_password_prompt"
187-->[com.firebaseui:firebase-ui-auth:6.2.1] AndroidManifest.xml:66:13-75
188            android:windowSoftInputMode="adjustResize" />
188-->[com.firebaseui:firebase-ui-auth:6.2.1] AndroidManifest.xml:67:13-55
189        <activity
189-->[com.firebaseui:firebase-ui-auth:6.2.1] AndroidManifest.xml:68:9-73:58
190            android:name="com.firebase.ui.auth.ui.email.EmailLinkCatcherActivity"
190-->[com.firebaseui:firebase-ui-auth:6.2.1] AndroidManifest.xml:69:13-82
191            android:exported="false"
191-->[com.firebaseui:firebase-ui-auth:6.2.1] AndroidManifest.xml:70:13-37
192            android:label=""
192-->[com.firebaseui:firebase-ui-auth:6.2.1] AndroidManifest.xml:71:13-29
193            android:theme="@style/FirebaseUI.Transparent"
193-->[com.firebaseui:firebase-ui-auth:6.2.1] AndroidManifest.xml:72:13-58
194            android:windowSoftInputMode="adjustResize" />
194-->[com.firebaseui:firebase-ui-auth:6.2.1] AndroidManifest.xml:73:13-55
195        <activity
195-->[com.firebaseui:firebase-ui-auth:6.2.1] AndroidManifest.xml:74:9-78:58
196            android:name="com.firebase.ui.auth.ui.email.EmailLinkErrorRecoveryActivity"
196-->[com.firebaseui:firebase-ui-auth:6.2.1] AndroidManifest.xml:75:13-88
197            android:exported="false"
197-->[com.firebaseui:firebase-ui-auth:6.2.1] AndroidManifest.xml:76:13-37
198            android:label="@string/fui_sign_in_default"
198-->[com.firebaseui:firebase-ui-auth:6.2.1] AndroidManifest.xml:77:13-56
199            android:windowSoftInputMode="adjustResize" />
199-->[com.firebaseui:firebase-ui-auth:6.2.1] AndroidManifest.xml:78:13-55
200        <activity
200-->[com.firebaseui:firebase-ui-auth:6.2.1] AndroidManifest.xml:79:9-82:65
201            android:name="com.firebase.ui.auth.ui.idp.AuthMethodPickerActivity"
201-->[com.firebaseui:firebase-ui-auth:6.2.1] AndroidManifest.xml:80:13-80
202            android:exported="false"
202-->[com.firebaseui:firebase-ui-auth:6.2.1] AndroidManifest.xml:81:13-37
203            android:label="@string/fui_default_toolbar_title" />
203-->[com.firebaseui:firebase-ui-auth:6.2.1] AndroidManifest.xml:82:13-62
204        <activity
204-->[com.firebaseui:firebase-ui-auth:6.2.1] AndroidManifest.xml:83:9-87:48
205            android:name="com.facebook.FacebookActivity"
205-->[com.firebaseui:firebase-ui-auth:6.2.1] AndroidManifest.xml:84:13-57
206            android:configChanges="keyboard|keyboardHidden|screenLayout|screenSize|orientation"
206-->[com.firebaseui:firebase-ui-auth:6.2.1] AndroidManifest.xml:85:13-96
207            android:label="@string/app_name" />
207-->[com.firebaseui:firebase-ui-auth:6.2.1] AndroidManifest.xml:86:13-45
208        <activity
208-->[com.firebaseui:firebase-ui-auth:6.2.1] AndroidManifest.xml:88:9-100:20
209            android:name="com.facebook.CustomTabActivity"
209-->[com.firebaseui:firebase-ui-auth:6.2.1] AndroidManifest.xml:89:13-58
210            android:exported="true" >
210-->[com.firebaseui:firebase-ui-auth:6.2.1] AndroidManifest.xml:90:13-36
211            <intent-filter>
211-->[com.firebaseui:firebase-ui-auth:6.2.1] AndroidManifest.xml:92:13-99:29
212                <action android:name="android.intent.action.VIEW" />
212-->[com.firebaseui:firebase-ui-auth:6.2.1] AndroidManifest.xml:93:17-69
212-->[com.firebaseui:firebase-ui-auth:6.2.1] AndroidManifest.xml:93:25-66
213
214                <category android:name="android.intent.category.DEFAULT" />
214-->[com.firebaseui:firebase-ui-auth:6.2.1] AndroidManifest.xml:95:17-76
214-->[com.firebaseui:firebase-ui-auth:6.2.1] AndroidManifest.xml:95:27-73
215                <category android:name="android.intent.category.BROWSABLE" />
215-->[com.firebaseui:firebase-ui-auth:6.2.1] AndroidManifest.xml:96:17-78
215-->[com.firebaseui:firebase-ui-auth:6.2.1] AndroidManifest.xml:96:27-75
216
217                <data android:scheme="@string/facebook_login_protocol_scheme" />
217-->[com.firebaseui:firebase-ui-auth:6.2.1] AndroidManifest.xml:98:17-81
217-->[com.firebaseui:firebase-ui-auth:6.2.1] AndroidManifest.xml:98:23-78
218            </intent-filter>
219        </activity>
220
221        <provider
221-->[com.firebaseui:firebase-ui-auth:6.2.1] AndroidManifest.xml:102:9-106:38
222            android:name="com.firebase.ui.auth.data.client.AuthUiInitProvider"
222-->[com.firebaseui:firebase-ui-auth:6.2.1] AndroidManifest.xml:103:13-79
223            android:authorities="com.example.nogor.authuiinitprovider"
223-->[com.firebaseui:firebase-ui-auth:6.2.1] AndroidManifest.xml:104:13-70
224            android:exported="false"
224-->[com.firebaseui:firebase-ui-auth:6.2.1] AndroidManifest.xml:105:13-37
225            android:initOrder="90" />
225-->[com.firebaseui:firebase-ui-auth:6.2.1] AndroidManifest.xml:106:13-35
226
227        <activity
227-->[com.google.firebase:firebase-auth:19.3.2] AndroidManifest.xml:24:9-31:50
228            android:name="com.google.firebase.auth.internal.FederatedSignInActivity"
228-->[com.google.firebase:firebase-auth:19.3.2] AndroidManifest.xml:25:13-85
229            android:excludeFromRecents="true"
229-->[com.google.firebase:firebase-auth:19.3.2] AndroidManifest.xml:26:13-46
230            android:exported="true"
230-->[com.google.firebase:firebase-auth:19.3.2] AndroidManifest.xml:27:13-36
231            android:launchMode="singleTask"
231-->[com.google.firebase:firebase-auth:19.3.2] AndroidManifest.xml:28:13-44
232            android:permission="com.google.firebase.auth.api.gms.permission.LAUNCH_FEDERATED_SIGN_IN"
232-->[com.google.firebase:firebase-auth:19.3.2] AndroidManifest.xml:29:13-102
233            android:theme="@android:style/Theme.Translucent.NoTitleBar" />
233-->[com.google.firebase:firebase-auth:19.3.2] AndroidManifest.xml:30:13-72
234
235        <service
235-->[com.google.firebase:firebase-auth:19.3.2] AndroidManifest.xml:33:9-39:19
236            android:name="com.google.firebase.components.ComponentDiscoveryService"
236-->[com.google.firebase:firebase-auth:19.3.2] AndroidManifest.xml:34:13-84
237            android:directBootAware="true"
237-->[com.google.firebase:firebase-common:19.3.0] AndroidManifest.xml:34:13-43
238            android:exported="false" >
238-->[com.google.firebase:firebase-auth:19.3.2] AndroidManifest.xml:35:13-37
239            <meta-data
239-->[com.google.firebase:firebase-auth:19.3.2] AndroidManifest.xml:36:13-38:85
240                android:name="com.google.firebase.components:com.google.firebase.auth.FirebaseAuthRegistrar"
240-->[com.google.firebase:firebase-auth:19.3.2] AndroidManifest.xml:37:17-109
241                android:value="com.google.firebase.components.ComponentRegistrar" />
241-->[com.google.firebase:firebase-auth:19.3.2] AndroidManifest.xml:38:17-82
242            <meta-data
242-->[com.google.firebase:firebase-database:19.3.1] AndroidManifest.xml:32:13-34:85
243                android:name="com.google.firebase.components:com.google.firebase.database.DatabaseRegistrar"
243-->[com.google.firebase:firebase-database:19.3.1] AndroidManifest.xml:33:17-109
244                android:value="com.google.firebase.components.ComponentRegistrar" />
244-->[com.google.firebase:firebase-database:19.3.1] AndroidManifest.xml:34:17-82
245            <meta-data
245-->[com.google.firebase:firebase-storage:19.1.1] AndroidManifest.xml:33:13-35:85
246                android:name="com.google.firebase.components:com.google.firebase.storage.StorageRegistrar"
246-->[com.google.firebase:firebase-storage:19.1.1] AndroidManifest.xml:34:17-107
247                android:value="com.google.firebase.components.ComponentRegistrar" />
247-->[com.google.firebase:firebase-storage:19.1.1] AndroidManifest.xml:35:17-82
248            <meta-data
248-->[com.google.firebase:firebase-iid:17.1.2] AndroidManifest.xml:32:13-34:85
249                android:name="com.google.firebase.components:com.google.firebase.iid.Registrar"
249-->[com.google.firebase:firebase-iid:17.1.2] AndroidManifest.xml:33:17-96
250                android:value="com.google.firebase.components.ComponentRegistrar" />
250-->[com.google.firebase:firebase-iid:17.1.2] AndroidManifest.xml:34:17-82
251            <meta-data
251-->[com.google.firebase:firebase-firestore:21.4.1] AndroidManifest.xml:20:13-22:85
252                android:name="com.google.firebase.components:com.google.firebase.firestore.FirestoreRegistrar"
252-->[com.google.firebase:firebase-firestore:21.4.1] AndroidManifest.xml:21:17-111
253                android:value="com.google.firebase.components.ComponentRegistrar" />
253-->[com.google.firebase:firebase-firestore:21.4.1] AndroidManifest.xml:22:17-82
254            <meta-data
254-->[com.google.android.gms:play-services-measurement-api:17.5.0] AndroidManifest.xml:30:13-32:85
255                android:name="com.google.firebase.components:com.google.firebase.analytics.connector.internal.AnalyticsConnectorRegistrar"
255-->[com.google.android.gms:play-services-measurement-api:17.5.0] AndroidManifest.xml:31:17-139
256                android:value="com.google.firebase.components.ComponentRegistrar" />
256-->[com.google.android.gms:play-services-measurement-api:17.5.0] AndroidManifest.xml:32:17-82
257            <meta-data
257-->[com.google.firebase:firebase-installations:16.3.2] AndroidManifest.xml:17:13-19:85
258                android:name="com.google.firebase.components:com.google.firebase.installations.FirebaseInstallationsRegistrar"
258-->[com.google.firebase:firebase-installations:16.3.2] AndroidManifest.xml:18:17-127
259                android:value="com.google.firebase.components.ComponentRegistrar" />
259-->[com.google.firebase:firebase-installations:16.3.2] AndroidManifest.xml:19:17-82
260        </service>
261
262        <provider
262-->[com.squareup.picasso:picasso:2.71828] AndroidManifest.xml:8:9-11:40
263            android:name="com.squareup.picasso.PicassoProvider"
263-->[com.squareup.picasso:picasso:2.71828] AndroidManifest.xml:9:13-64
264            android:authorities="com.example.nogor.com.squareup.picasso"
264-->[com.squareup.picasso:picasso:2.71828] AndroidManifest.xml:10:13-72
265            android:exported="false" />
265-->[com.squareup.picasso:picasso:2.71828] AndroidManifest.xml:11:13-37
266
267        <receiver
267-->[com.google.firebase:firebase-iid:17.1.2] AndroidManifest.xml:37:9-44:20
268            android:name="com.google.firebase.iid.FirebaseInstanceIdReceiver"
268-->[com.google.firebase:firebase-iid:17.1.2] AndroidManifest.xml:38:13-78
269            android:exported="true"
269-->[com.google.firebase:firebase-iid:17.1.2] AndroidManifest.xml:39:13-36
270            android:permission="com.google.android.c2dm.permission.SEND" >
270-->[com.google.firebase:firebase-iid:17.1.2] AndroidManifest.xml:40:13-73
271            <intent-filter>
271-->[com.google.firebase:firebase-iid:17.1.2] AndroidManifest.xml:41:13-43:29
272                <action android:name="com.google.android.c2dm.intent.RECEIVE" />
272-->[com.google.firebase:firebase-iid:17.1.2] AndroidManifest.xml:42:17-81
272-->[com.google.firebase:firebase-iid:17.1.2] AndroidManifest.xml:42:25-78
273            </intent-filter>
274        </receiver>
275        <!--
276             FirebaseInstanceIdService performs security checks at runtime,
277             no need for explicit permissions despite exported="true"
278        -->
279        <service
279-->[com.google.firebase:firebase-iid:17.1.2] AndroidManifest.xml:50:9-56:19